<?xml version="1.0" encoding="UTF-8"?>
<!-- Generated by org.testng.reporters.JUnitReportReporter -->
<testsuite hostname="HR-46L" failures="0" tests="1" name="TestCases.RegistrationPageTest" time="11.063" errors="0" timestamp="2025-08-04T13:50:51 IST" skipped="0">
  <testcase classname="TestCases.RegistrationPageTest" name="verifyUserRegistration" time="11.063"/>
  <system-out/>
</testsuite> <!-- TestCases.RegistrationPageTest -->
