<?xml version="1.0" encoding="UTF-8"?>
<!-- Generated by org.testng.reporters.JUnitReportReporter -->
<testsuite hostname="HR-46L" failures="0" tests="1" name="TestCases.LoginPageTest" time="11.213" errors="0" timestamp="2025-08-06T15:58:01 IST" skipped="0">
  <testcase classname="TestCases.LoginPageTest" name="verifyUserLogin" time="11.213"/>
  <system-out/>
</testsuite> <!-- TestCases.LoginPageTest -->
