<?xml version="1.0" encoding="UTF-8"?>
<!-- Generated by org.testng.reporters.JUnitReportReporter -->
<testsuite hostname="HR-46L" failures="0" tests="1" name="TestCasesMyShop.HomePageTitleTest" time="5.152" errors="0" timestamp="2025-07-29T19:23:21 IST" skipped="0">
  <testcase classname="TestCasesMyShop.HomePageTitleTest" name="verifyHomePageTitle" time="5.152"/>
  <system-out/>
</testsuite> <!-- TestCasesMyShop.HomePageTitleTest -->
