<?xml version="1.0" encoding="UTF-8"?>
<!-- Generated by org.testng.reporters.JUnitReportReporter -->
<testsuite hostname="HR-46L" failures="0" tests="1" name="TestCases.HomePageTest" time="1.250" errors="0" timestamp="2025-08-06T15:58:01 IST" skipped="0">
  <testcase classname="TestCases.HomePageTest" name="verifyProductSearch" time="1.250"/>
  <system-out/>
</testsuite> <!-- TestCases.HomePageTest -->
