<?xml version="1.0" encoding="UTF-8"?>
<!-- Generated by org.testng.reporters.JUnitReportReporter -->
<testsuite hostname="HR-46L" failures="0" tests="1" name="TestCases.ProductPageTest" time="6.879" errors="0" timestamp="2025-08-06T15:58:01 IST" skipped="0">
  <testcase classname="TestCases.ProductPageTest" name="verifyAddToCartAndCheckout" time="6.879"/>
  <system-out/>
</testsuite> <!-- TestCases.ProductPageTest -->
