<?xml version="1.0" encoding="UTF-8"?>
<!-- Generated by org.testng.reporters.JUnitReportReporter -->
<testsuite hostname="HR-46L" failures="0" tests="1" name="TestCases.CartPageTest" time="0.753" errors="0" timestamp="2025-08-06T17:34:00 IST" skipped="0">
  <testcase classname="TestCases.CartPageTest" name="verifyProceedToCheckout" time="0.753"/>
  <system-out/>
</testsuite> <!-- TestCases.CartPageTest -->
